c:\users\pyato\documents\git\disera\rop_raw\rop_raw\debug\vc120.pdb
c:\users\pyato\documents\git\disera\rop_raw\rop_raw\debug\vc120.idb
c:\users\pyato\documents\git\disera\rop_raw\rop_raw\debug\cpu_description.obj
c:\users\pyato\documents\git\disera\rop_raw\rop_raw\debug\emulator.obj
c:\users\pyato\documents\git\disera\rop_raw\rop_raw\debug\executable_format.obj
c:\users\pyato\documents\git\disera\rop_raw\rop_raw\debug\instruction.obj
c:\users\pyato\documents\git\disera\rop_raw\rop_raw\debug\main.obj
c:\users\pyato\documents\git\disera\rop_raw\rop_raw\debug\rop_finder.obj
c:\users\pyato\documents\git\disera\rop_raw\rop_raw\debug\section.obj
c:\users\pyato\documents\git\disera\rop_raw\rop_raw\debug\utils.obj
c:\users\pyato\documents\git\disera\rop_raw\rop_raw\debug\gadget.obj
c:\users\pyato\documents\git\disera\rop_raw\rop_raw\debug\sequence_builder.obj
c:\users\pyato\documents\git\disera\rop_raw\debug\rop_raw.ilk
c:\users\pyato\documents\git\disera\rop_raw\debug\rop_raw.exe
c:\users\pyato\documents\git\disera\rop_raw\debug\rop_raw.pdb
c:\users\pyato\documents\git\disera\rop_raw\rop_raw\debug\rop_raw.tlog\cl.command.1.tlog
c:\users\pyato\documents\git\disera\rop_raw\rop_raw\debug\rop_raw.tlog\cl.read.1.tlog
c:\users\pyato\documents\git\disera\rop_raw\rop_raw\debug\rop_raw.tlog\cl.write.1.tlog
c:\users\pyato\documents\git\disera\rop_raw\rop_raw\debug\rop_raw.tlog\link.command.1.tlog
c:\users\pyato\documents\git\disera\rop_raw\rop_raw\debug\rop_raw.tlog\link.read.1.tlog
c:\users\pyato\documents\git\disera\rop_raw\rop_raw\debug\rop_raw.tlog\link.write.1.tlog
